<?xml version="1.0" encoding="UTF-8"?>
<!-- Generated by org.testng.reporters.JUnitReportReporter -->
<testsuite hostname="DESKTOP-GLELMBV" failures="0" tests="1" name="tests.LoginTest" time="32.413" errors="0" timestamp="31 dezembro 2019 10:16:19 GMT" skipped="0">
  <testcase classname="tests.LoginTest" name="testLogin" time="32.413"/>
</testsuite> <!-- tests.LoginTest -->
