<?xml version="1.0" encoding="UTF-8"?>
<!-- Generated by org.testng.reporters.JUnitReportReporter -->
<testsuite hostname="DESKTOP-GLELMBV" failures="0" tests="1" name="tests.LoginTest" time="39.939" errors="0" timestamp="02 janeiro 2020 09:25:59 GMT" skipped="0">
  <testcase classname="tests.LoginTest" name="testLogin" time="39.939"/>
</testsuite> <!-- tests.LoginTest -->
