<?xml version="1.0" encoding="UTF-8"?>
<!-- Generated by org.testng.reporters.JUnitReportReporter -->
<testsuite skipped="0" hostname="DESKTOP-GLELMBV" name="tests.LoginTest" tests="1" failures="0" timestamp="31 dez 2019 10:18:51 GMT" time="32.359" errors="0">
  <testcase name="testLogin" time="32.359" classname="tests.LoginTest"/>
</testsuite> <!-- tests.LoginTest -->
